<?xml version="1.0" encoding="UTF-8"?>
<!-- Generated by org.testng.reporters.JUnitXMLReporter -->
<testsuite ignored="0" hostname="Jayass-MacBook-Air.local" failures="0" tests="13" name="Surefire test" time="276.233" errors="0" timestamp="2023-01-16T11:29:19 IST">
  <testcase classname="com.crm.qa.tests.ContactsPageTest" name="verifingContactLable" time="0.04"/>
  <testcase classname="com.crm.qa.tests.ContactsPageTest" name="creatNewContact" time="7.803"/>
  <testcase classname="com.crm.qa.tests.ContactsPageTest" name="creatNewContact" time="6.959"/>
  <testcase classname="com.crm.qa.tests.ContactsPageTest" name="creatNewContact" time="8.799"/>
  <testcase classname="com.crm.qa.tests.ContactsPageTest" name="creatNewContact" time="7.651"/>
  <testcase classname="com.crm.qa.tests.HomePageTest" name="homePageTitle" time="0.004"/>
  <testcase classname="com.crm.qa.tests.HomePageTest" name="verifingUsername" time="0.045"/>
  <testcase classname="com.crm.qa.tests.HomePageTest" name="clickOnContacts" time="3.74"/>
  <testcase classname="com.crm.qa.tests.HomePageTest" name="clickOnTaskss" time="3.403"/>
  <testcase classname="com.crm.qa.tests.HomePageTest" name="clickOnDeals" time="2.795"/>
  <testcase classname="com.crm.qa.tests.LoginPageTest" name="verifingtitle" time="0.008"/>
  <testcase classname="com.crm.qa.tests.LoginPageTest" name="verifingLogo" time="0.059"/>
  <testcase classname="com.crm.qa.tests.LoginPageTest" name="login" time="23.721"/>
</testsuite> <!-- Surefire test -->
