<?xml version="1.0" encoding="UTF-8"?>
<!-- Generated by org.testng.reporters.JUnitXMLReporter -->
<testsuite ignored="0" hostname="Jayass-MacBook-Air.local" failures="0" tests="3" name="Default test" time="45.481" errors="0" timestamp="2023-01-16T17:38:13 IST">
  <testcase classname="com.crm.qa.tests.LoginPageTest" name="verifingtitle" time="0.036"/>
  <testcase classname="com.crm.qa.tests.LoginPageTest" name="verifingLogo" time="0.188"/>
  <testcase classname="com.crm.qa.tests.LoginPageTest" name="login" time="19.092"/>
</testsuite> <!-- Default test -->
