<?xml version="1.0" encoding="UTF-8"?>
<!-- Generated by org.testng.reporters.JUnitXMLReporter -->
<testsuite ignored="0" hostname="Jayass-MacBook-Air.local" failures="0" tests="5" name="Default test" time="131.263" errors="0" timestamp="2023-01-13T14:12:51 IST">
  <testcase classname="com.crm.qa.tests.ContactsPageTest" name="verifingContactLable" time="0.069"/>
  <testcase classname="com.crm.qa.tests.ContactsPageTest" name="creatNewContact" time="7.522"/>
  <testcase classname="com.crm.qa.tests.ContactsPageTest" name="creatNewContact" time="7.094"/>
  <testcase classname="com.crm.qa.tests.ContactsPageTest" name="creatNewContact" time="7.186"/>
  <testcase classname="com.crm.qa.tests.ContactsPageTest" name="creatNewContact" time="7.303"/>
</testsuite> <!-- Default test -->
