<?xml version="1.0" encoding="UTF-8"?>
<!-- Generated by org.testng.reporters.JUnitXMLReporter -->
<testsuite ignored="0" hostname="Jayass-MacBook-Air.local" failures="0" tests="10" name="Free CRM TestCases" time="0.196" errors="0" timestamp="2023-01-16T19:50:40 IST">
  <testcase classname="com.crm.qa.tests.LoginPageTest" name="@BeforeMethod setUp" time="0.005">
    <failure type="java.lang.NullPointerException" message="Cannot invoke &amp;quot;String.equals(Object)&amp;quot; because &amp;quot;browser&amp;quot; is null">
      <![CDATA[java.lang.NullPointerException: Cannot invoke "String.equals(Object)" because "browser" is null
at com.crm.qa.base.TestBase.openBrowser(TestBase.java:42)
at com.crm.qa.tests.LoginPageTest.setUp(LoginPageTest.java:29)
at java.base/java.util.ArrayList.forEach(ArrayList.java:1511)
... Removed 31 stack frames]]>
    </failure>
  </testcase> <!-- @BeforeMethod setUp -->
  <testcase classname="com.crm.qa.tests.LoginPageTest" name="@AfterMethod closeBrowser" time="-1.673878840316E9">
    <skipped/>
  </testcase> <!-- @AfterMethod closeBrowser -->
  <testcase classname="com.crm.qa.tests.LoginPageTest" name="@BeforeMethod setUp" time="-1.673878840325E9">
    <skipped/>
  </testcase> <!-- @BeforeMethod setUp -->
  <testcase classname="com.crm.qa.tests.LoginPageTest" name="@AfterMethod closeBrowser" time="-1.673878840333E9">
    <skipped/>
  </testcase> <!-- @AfterMethod closeBrowser -->
  <testcase classname="com.crm.qa.tests.LoginPageTest" name="@BeforeMethod setUp" time="-1.673878840335E9">
    <skipped/>
  </testcase> <!-- @BeforeMethod setUp -->
  <testcase classname="com.crm.qa.tests.LoginPageTest" name="@AfterMethod closeBrowser" time="-1.67387884034E9">
    <skipped/>
  </testcase> <!-- @AfterMethod closeBrowser -->
  <testcase classname="com.crm.qa.tests.HomePageTest" name="@BeforeMethod getiingtoHomepage" time="0.001">
    <failure type="java.lang.NullPointerException" message="Cannot invoke &amp;quot;String.equals(Object)&amp;quot; because &amp;quot;browser&amp;quot; is null">
      <![CDATA[java.lang.NullPointerException: Cannot invoke "String.equals(Object)" because "browser" is null
at com.crm.qa.base.TestBase.openBrowser(TestBase.java:42)
at com.crm.qa.tests.HomePageTest.getiingtoHomepage(HomePageTest.java:35)
at java.base/java.util.ArrayList.forEach(ArrayList.java:1511)
... Removed 31 stack frames]]>
    </failure>
  </testcase> <!-- @BeforeMethod getiingtoHomepage -->
  <testcase classname="com.crm.qa.tests.HomePageTest" name="@AfterMethod closeBrowser" time="-1.673878840359E9">
    <skipped/>
  </testcase> <!-- @AfterMethod closeBrowser -->
  <testcase classname="com.crm.qa.tests.HomePageTest" name="@BeforeMethod getiingtoHomepage" time="-1.67387884036E9">
    <skipped/>
  </testcase> <!-- @BeforeMethod getiingtoHomepage -->
  <testcase classname="com.crm.qa.tests.HomePageTest" name="@AfterMethod closeBrowser" time="-1.673878840387E9">
    <skipped/>
  </testcase> <!-- @AfterMethod closeBrowser -->
  <testcase classname="com.crm.qa.tests.HomePageTest" name="@BeforeMethod getiingtoHomepage" time="-1.67387884039E9">
    <skipped/>
  </testcase> <!-- @BeforeMethod getiingtoHomepage -->
  <testcase classname="com.crm.qa.tests.HomePageTest" name="@AfterMethod closeBrowser" time="-1.673878840396E9">
    <skipped/>
  </testcase> <!-- @AfterMethod closeBrowser -->
  <testcase classname="com.crm.qa.tests.HomePageTest" name="@BeforeMethod getiingtoHomepage" time="-1.673878840398E9">
    <skipped/>
  </testcase> <!-- @BeforeMethod getiingtoHomepage -->
  <testcase classname="com.crm.qa.tests.HomePageTest" name="@AfterMethod closeBrowser" time="-1.673878840404E9">
    <skipped/>
  </testcase> <!-- @AfterMethod closeBrowser -->
  <testcase classname="com.crm.qa.tests.HomePageTest" name="@BeforeMethod getiingtoHomepage" time="-1.673878840408E9">
    <skipped/>
  </testcase> <!-- @BeforeMethod getiingtoHomepage -->
  <testcase classname="com.crm.qa.tests.HomePageTest" name="@AfterMethod closeBrowser" time="-1.673878840412E9">
    <skipped/>
  </testcase> <!-- @AfterMethod closeBrowser -->
  <testcase classname="com.crm.qa.tests.ContactsPageTest" name="@BeforeMethod beforeMethod" time="0.001">
    <failure type="java.lang.NullPointerException" message="Cannot invoke &amp;quot;String.equals(Object)&amp;quot; because &amp;quot;browser&amp;quot; is null">
      <![CDATA[java.lang.NullPointerException: Cannot invoke "String.equals(Object)" because "browser" is null
at com.crm.qa.base.TestBase.openBrowser(TestBase.java:42)
at com.crm.qa.tests.ContactsPageTest.beforeMethod(ContactsPageTest.java:42)
at java.base/java.util.ArrayList.forEach(ArrayList.java:1511)
... Removed 31 stack frames]]>
    </failure>
  </testcase> <!-- @BeforeMethod beforeMethod -->
  <testcase classname="com.crm.qa.tests.ContactsPageTest" name="@AfterMethod afterMethod" time="-1.673878840419E9">
    <skipped/>
  </testcase> <!-- @AfterMethod afterMethod -->
  <testcase classname="com.crm.qa.tests.LoginPageTest" name="verifingtitle" time="0.0">
    <skipped/>
  </testcase> <!-- verifingtitle -->
  <testcase classname="com.crm.qa.tests.LoginPageTest" name="verifingLogo" time="0.0">
    <skipped/>
  </testcase> <!-- verifingLogo -->
  <testcase classname="com.crm.qa.tests.LoginPageTest" name="login" time="0.0">
    <skipped/>
  </testcase> <!-- login -->
  <testcase classname="com.crm.qa.tests.HomePageTest" name="homePageTitle" time="0.0">
    <skipped/>
  </testcase> <!-- homePageTitle -->
  <testcase classname="com.crm.qa.tests.HomePageTest" name="verifingUsername" time="0.0">
    <skipped/>
  </testcase> <!-- verifingUsername -->
  <testcase classname="com.crm.qa.tests.HomePageTest" name="clickOnContacts" time="0.0">
    <skipped/>
  </testcase> <!-- clickOnContacts -->
  <testcase classname="com.crm.qa.tests.HomePageTest" name="clickOnTaskss" time="0.0">
    <skipped/>
  </testcase> <!-- clickOnTaskss -->
  <testcase classname="com.crm.qa.tests.HomePageTest" name="clickOnDeals" time="0.0">
    <skipped/>
  </testcase> <!-- clickOnDeals -->
  <testcase classname="com.crm.qa.tests.ContactsPageTest" name="verifingContactLable" time="0.0">
    <skipped/>
  </testcase> <!-- verifingContactLable -->
  <testcase classname="com.crm.qa.tests.ContactsPageTest" name="creatNewContact" time="0.0">
    <skipped/>
  </testcase> <!-- creatNewContact -->
</testsuite> <!-- Free CRM TestCases -->
