<?xml version="1.0" encoding="UTF-8"?>
<!-- Generated by org.testng.reporters.JUnitXMLReporter -->
<testsuite ignored="0" hostname="Jayass-MacBook-Air.local" failures="0" tests="3" name="Free CRM TestCases" time="37.058" errors="0" timestamp="2023-01-16T18:07:19 IST">
  <testcase classname="com.crm.qa.tests.LoginPageTest" name="verifingtitle" time="0.027"/>
  <testcase classname="com.crm.qa.tests.LoginPageTest" name="verifingLogo" time="0.174"/>
  <testcase classname="com.crm.qa.tests.LoginPageTest" name="login" time="8.768"/>
</testsuite> <!-- Free CRM TestCases -->
