<?xml version="1.0" encoding="UTF-8"?>
<testsuite xmlns:xsi="http://www.w3.org/2001/XMLSchema-instance" xsi:noNamespaceSchemaLocation="https://maven.apache.org/surefire/maven-surefire-plugin/xsd/surefire-test-report.xsd" name="TestSuite" time="276.821" tests="13" errors="0" skipped="0" failures="0">
  <properties>
[...]
</properties>
  <testcase name="verifingContactLable" classname="com.crm.qa.tests.ContactsPageTest" time="0.062"/>
  <testcase name="creatNewContact" classname="com.crm.qa.tests.ContactsPageTest" time="7.806"/>
  <testcase name="creatNewContact" classname="com.crm.qa.tests.ContactsPageTest" time="6.964"/>
  <testcase name="creatNewContact" classname="com.crm.qa.tests.ContactsPageTest" time="8.799"/>
  <testcase name="creatNewContact" classname="com.crm.qa.tests.ContactsPageTest" time="7.651"/>
  <testcase name="homePageTitle" classname="com.crm.qa.tests.HomePageTest" time="0.004"/>
  <testcase name="verifingUsername" classname="com.crm.qa.tests.HomePageTest" time="0.046"/>
  <testcase name="clickOnContacts" classname="com.crm.qa.tests.HomePageTest" time="3.74"/>
  <testcase name="clickOnTaskss" classname="com.crm.qa.tests.HomePageTest" time="3.404"/>
  <testcase name="clickOnDeals" classname="com.crm.qa.tests.HomePageTest" time="2.796"/>
  <testcase name="verifingtitle" classname="com.crm.qa.tests.LoginPageTest" time="0.008"/>
  <testcase name="verifingLogo" classname="com.crm.qa.tests.LoginPageTest" time="0.057"/>
  <testcase name="login" classname="com.crm.qa.tests.LoginPageTest" time="23.72"/>
</testsuite>