<?xml version="1.0" encoding="UTF-8"?>
<testng-results ignored="0" total="3" passed="3" failed="0" skipped="0">
  <reporter-output>
  </reporter-output>
  <suite started-at="2023-01-16T18:06:42 IST" name="Suite" finished-at="2023-01-16T18:07:19 IST" duration-ms="37058">
    <groups>
    </groups>
    <test started-at="2023-01-16T18:06:42 IST" name="Free CRM TestCases" finished-at="2023-01-16T18:07:19 IST" duration-ms="37058">
      <class name="com.crm.qa.tests.LoginPageTest">
        <test-method is-config="true" signature="setUp()[pri:0, instance:com.crm.qa.tests.LoginPageTest@75f32542]" started-at="2023-01-16T18:06:42 IST" name="setUp" finished-at="2023-01-16T18:06:54 IST" duration-ms="11283" status="PASS">
          <reporter-output>
          </reporter-output>
        </test-method> <!-- setUp -->
        <test-method signature="verifingtitle()[pri:1, instance:com.crm.qa.tests.LoginPageTest@75f32542]" started-at="2023-01-16T18:06:54 IST" name="verifingtitle" finished-at="2023-01-16T18:06:54 IST" duration-ms="27" status="PASS">
          <reporter-output>
          </reporter-output>
        </test-method> <!-- verifingtitle -->
        <test-method is-config="true" signature="closeBrowser()[pri:0, instance:com.crm.qa.tests.LoginPageTest@75f32542]" started-at="2023-01-16T18:06:54 IST" name="closeBrowser" finished-at="2023-01-16T18:06:54 IST" duration-ms="576" status="PASS">
          <reporter-output>
          </reporter-output>
        </test-method> <!-- closeBrowser -->
        <test-method is-config="true" signature="setUp()[pri:0, instance:com.crm.qa.tests.LoginPageTest@75f32542]" started-at="2023-01-16T18:06:54 IST" name="setUp" finished-at="2023-01-16T18:07:02 IST" duration-ms="7934" status="PASS">
          <reporter-output>
          </reporter-output>
        </test-method> <!-- setUp -->
        <test-method signature="verifingLogo()[pri:2, instance:com.crm.qa.tests.LoginPageTest@75f32542]" started-at="2023-01-16T18:07:02 IST" name="verifingLogo" finished-at="2023-01-16T18:07:02 IST" duration-ms="174" status="PASS">
          <reporter-output>
          </reporter-output>
        </test-method> <!-- verifingLogo -->
        <test-method is-config="true" signature="closeBrowser()[pri:0, instance:com.crm.qa.tests.LoginPageTest@75f32542]" started-at="2023-01-16T18:07:02 IST" name="closeBrowser" finished-at="2023-01-16T18:07:03 IST" duration-ms="503" status="PASS">
          <reporter-output>
          </reporter-output>
        </test-method> <!-- closeBrowser -->
        <test-method is-config="true" signature="setUp()[pri:0, instance:com.crm.qa.tests.LoginPageTest@75f32542]" started-at="2023-01-16T18:07:03 IST" name="setUp" finished-at="2023-01-16T18:07:10 IST" duration-ms="7180" status="PASS">
          <reporter-output>
          </reporter-output>
        </test-method> <!-- setUp -->
        <test-method signature="login()[pri:3, instance:com.crm.qa.tests.LoginPageTest@75f32542]" started-at="2023-01-16T18:07:10 IST" name="login" finished-at="2023-01-16T18:07:19 IST" duration-ms="8768" status="PASS">
          <reporter-output>
          </reporter-output>
        </test-method> <!-- login -->
        <test-method is-config="true" signature="closeBrowser()[pri:0, instance:com.crm.qa.tests.LoginPageTest@75f32542]" started-at="2023-01-16T18:07:19 IST" name="closeBrowser" finished-at="2023-01-16T18:07:19 IST" duration-ms="504" status="PASS">
          <reporter-output>
          </reporter-output>
        </test-method> <!-- closeBrowser -->
      </class> <!-- com.crm.qa.tests.LoginPageTest -->
    </test> <!-- Free CRM TestCases -->
  </suite> <!-- Suite -->
</testng-results>
